2021-02-16 18:03:25,468 INFO Set uid to user 0 succeeded
2021-02-16 18:03:25,470 INFO supervisord started with pid 16
2021-02-16 18:03:26,474 INFO spawned: 'php' with pid 18
2021-02-16 18:03:28,103 INFO success: php entered RUNNING state, process has stayed up for > than 1 seconds (startsecs)
2021-02-16 20:00:15,489 INFO Set uid to user 0 succeeded
2021-02-16 20:00:15,493 INFO supervisord started with pid 16
2021-02-16 20:00:16,497 INFO spawned: 'php' with pid 18
2021-02-16 20:00:18,241 INFO success: php entered RUNNING state, process has stayed up for > than 1 seconds (startsecs)
2021-02-16 20:25:37,008 INFO Set uid to user 0 succeeded
2021-02-16 20:25:37,009 INFO supervisord started with pid 16
2021-02-16 20:25:38,013 INFO spawned: 'php' with pid 18
2021-02-16 20:25:39,602 INFO success: php entered RUNNING state, process has stayed up for > than 1 seconds (startsecs)
2021-02-16 21:11:58,802 INFO Set uid to user 0 succeeded
2021-02-16 21:11:58,804 INFO supervisord started with pid 16
2021-02-16 21:11:59,806 INFO spawned: 'php' with pid 18
2021-02-16 21:12:01,402 INFO success: php entered RUNNING state, process has stayed up for > than 1 seconds (startsecs)
2021-02-16 22:58:11,624 INFO Set uid to user 0 succeeded
2021-02-16 22:58:11,625 INFO supervisord started with pid 17
2021-02-16 22:58:12,629 INFO spawned: 'php' with pid 19
2021-02-16 22:58:14,255 INFO success: php entered RUNNING state, process has stayed up for > than 1 seconds (startsecs)
2021-02-17 07:17:49,458 INFO Set uid to user 0 succeeded
2021-02-17 07:17:49,460 INFO supervisord started with pid 17
2021-02-17 07:17:50,463 INFO spawned: 'php' with pid 19
2021-02-17 07:17:52,229 INFO success: php entered RUNNING state, process has stayed up for > than 1 seconds (startsecs)
2021-02-17 07:23:12,155 INFO Set uid to user 0 succeeded
2021-02-17 07:23:12,156 INFO supervisord started with pid 16
2021-02-17 07:23:13,158 INFO spawned: 'php' with pid 18
2021-02-17 07:23:14,756 INFO success: php entered RUNNING state, process has stayed up for > than 1 seconds (startsecs)
2021-02-17 09:47:53,781 INFO Set uid to user 0 succeeded
2021-02-17 09:47:53,782 INFO supervisord started with pid 17
2021-02-17 09:47:54,786 INFO spawned: 'php' with pid 19
2021-02-17 09:47:56,415 INFO success: php entered RUNNING state, process has stayed up for > than 1 seconds (startsecs)
2021-02-17 14:41:07,444 INFO Set uid to user 0 succeeded
2021-02-17 14:41:07,445 INFO supervisord started with pid 17
2021-02-17 14:41:08,449 INFO spawned: 'php' with pid 19
2021-02-17 14:41:10,082 INFO success: php entered RUNNING state, process has stayed up for > than 1 seconds (startsecs)
2021-02-18 02:19:49,980 INFO Set uid to user 0 succeeded
2021-02-18 02:19:49,982 INFO supervisord started with pid 16
2021-02-18 02:19:50,986 INFO spawned: 'php' with pid 18
2021-02-18 02:19:52,800 INFO success: php entered RUNNING state, process has stayed up for > than 1 seconds (startsecs)
2021-02-18 02:57:19,908 INFO Set uid to user 0 succeeded
2021-02-18 02:57:19,910 INFO supervisord started with pid 16
2021-02-18 02:57:20,914 INFO spawned: 'php' with pid 18
2021-02-18 02:57:22,551 INFO success: php entered RUNNING state, process has stayed up for > than 1 seconds (startsecs)
2021-02-18 08:58:56,304 INFO Set uid to user 0 succeeded
2021-02-18 08:58:56,306 INFO supervisord started with pid 16
2021-02-18 08:58:57,309 INFO spawned: 'php' with pid 18
2021-02-18 08:58:59,129 INFO success: php entered RUNNING state, process has stayed up for > than 1 seconds (startsecs)
2021-02-18 19:47:40,501 INFO Set uid to user 0 succeeded
2021-02-18 19:47:40,503 INFO supervisord started with pid 17
2021-02-18 19:47:41,507 INFO spawned: 'php' with pid 19
2021-02-18 19:47:43,294 INFO success: php entered RUNNING state, process has stayed up for > than 1 seconds (startsecs)
2021-02-19 08:21:30,183 INFO Set uid to user 0 succeeded
2021-02-19 08:21:30,185 INFO supervisord started with pid 16
2021-02-19 08:21:31,189 INFO spawned: 'php' with pid 18
2021-02-19 08:21:32,941 INFO success: php entered RUNNING state, process has stayed up for > than 1 seconds (startsecs)
2021-02-19 21:17:38,504 INFO Set uid to user 0 succeeded
2021-02-19 21:17:38,509 INFO supervisord started with pid 16
2021-02-19 21:17:39,511 INFO spawned: 'php' with pid 18
2021-02-19 21:17:41,476 INFO success: php entered RUNNING state, process has stayed up for > than 1 seconds (startsecs)
2021-02-19 21:41:48,298 INFO Set uid to user 0 succeeded
2021-02-19 21:41:48,300 INFO supervisord started with pid 16
2021-02-19 21:41:49,303 INFO spawned: 'php' with pid 18
2021-02-19 21:41:50,946 INFO success: php entered RUNNING state, process has stayed up for > than 1 seconds (startsecs)
2021-02-20 10:43:29,238 INFO Set uid to user 0 succeeded
2021-02-20 10:43:29,241 INFO supervisord started with pid 16
2021-02-20 10:43:30,245 INFO spawned: 'php' with pid 18
2021-02-20 10:43:31,978 INFO success: php entered RUNNING state, process has stayed up for > than 1 seconds (startsecs)
2021-02-20 11:37:09,991 INFO Set uid to user 0 succeeded
2021-02-20 11:37:09,993 INFO supervisord started with pid 16
2021-02-20 11:37:10,995 INFO spawned: 'php' with pid 18
2021-02-20 11:37:12,620 INFO success: php entered RUNNING state, process has stayed up for > than 1 seconds (startsecs)
2021-02-20 12:40:54,153 INFO Set uid to user 0 succeeded
2021-02-20 12:40:54,155 INFO supervisord started with pid 16
2021-02-20 12:40:55,159 INFO spawned: 'php' with pid 18
2021-02-20 12:40:56,811 INFO success: php entered RUNNING state, process has stayed up for > than 1 seconds (startsecs)
2021-02-20 21:36:24,717 INFO Set uid to user 0 succeeded
2021-02-20 21:36:24,720 INFO supervisord started with pid 16
2021-02-20 21:36:25,723 INFO spawned: 'php' with pid 18
2021-02-20 21:36:27,511 INFO success: php entered RUNNING state, process has stayed up for > than 1 seconds (startsecs)
2021-02-21 07:40:45,405 INFO Set uid to user 0 succeeded
2021-02-21 07:40:45,408 INFO supervisord started with pid 16
2021-02-21 07:40:46,410 INFO spawned: 'php' with pid 18
2021-02-21 07:40:48,180 INFO success: php entered RUNNING state, process has stayed up for > than 1 seconds (startsecs)
2021-02-21 10:07:03,843 INFO Set uid to user 0 succeeded
2021-02-21 10:07:03,845 INFO supervisord started with pid 16
2021-02-21 10:07:04,849 INFO spawned: 'php' with pid 18
2021-02-21 10:07:05,916 INFO success: php entered RUNNING state, process has stayed up for > than 1 seconds (startsecs)
2021-02-21 10:07:05,917 INFO exited: php (exit status 1; not expected)
2021-02-21 10:07:06,919 INFO spawned: 'php' with pid 19
2021-02-21 10:07:07,953 INFO success: php entered RUNNING state, process has stayed up for > than 1 seconds (startsecs)
2021-02-21 10:07:07,953 INFO exited: php (exit status 1; not expected)
2021-02-21 10:07:08,957 INFO spawned: 'php' with pid 27
2021-02-21 10:07:10,028 INFO success: php entered RUNNING state, process has stayed up for > than 1 seconds (startsecs)
2021-02-21 10:07:10,029 INFO exited: php (exit status 1; not expected)
2021-02-21 10:07:11,033 INFO spawned: 'php' with pid 28
2021-02-21 10:07:12,070 INFO success: php entered RUNNING state, process has stayed up for > than 1 seconds (startsecs)
2021-02-21 10:07:12,070 INFO exited: php (exit status 1; not expected)
2021-02-21 10:07:13,075 INFO spawned: 'php' with pid 29
2021-02-21 10:07:14,145 INFO success: php entered RUNNING state, process has stayed up for > than 1 seconds (startsecs)
2021-02-21 10:07:14,145 INFO exited: php (exit status 1; not expected)
2021-02-21 10:07:15,150 INFO spawned: 'php' with pid 30
2021-02-21 10:07:16,186 INFO success: php entered RUNNING state, process has stayed up for > than 1 seconds (startsecs)
2021-02-21 10:07:16,187 INFO exited: php (exit status 1; not expected)
2021-02-21 10:07:17,191 INFO spawned: 'php' with pid 31
2021-02-21 10:07:18,263 INFO success: php entered RUNNING state, process has stayed up for > than 1 seconds (startsecs)
2021-02-21 10:07:18,263 INFO exited: php (exit status 1; not expected)
2021-02-21 10:07:19,267 INFO spawned: 'php' with pid 32
2021-02-21 10:07:20,338 INFO success: php entered RUNNING state, process has stayed up for > than 1 seconds (startsecs)
2021-02-21 10:07:20,338 INFO exited: php (exit status 1; not expected)
2021-02-21 10:07:21,343 INFO spawned: 'php' with pid 33
2021-02-21 10:07:22,379 INFO success: php entered RUNNING state, process has stayed up for > than 1 seconds (startsecs)
2021-02-21 10:07:22,379 INFO exited: php (exit status 1; not expected)
2021-02-21 10:07:23,401 INFO spawned: 'php' with pid 34
2021-02-21 10:07:24,436 INFO success: php entered RUNNING state, process has stayed up for > than 1 seconds (startsecs)
2021-02-21 10:07:24,437 INFO exited: php (exit status 1; not expected)
2021-02-21 10:07:25,439 INFO spawned: 'php' with pid 35
2021-02-21 10:07:26,475 INFO success: php entered RUNNING state, process has stayed up for > than 1 seconds (startsecs)
2021-02-21 10:07:26,475 INFO exited: php (exit status 1; not expected)
2021-02-21 10:07:27,479 INFO spawned: 'php' with pid 36
2021-02-21 10:07:28,549 INFO success: php entered RUNNING state, process has stayed up for > than 1 seconds (startsecs)
2021-02-21 10:07:28,549 INFO exited: php (exit status 1; not expected)
2021-02-21 10:07:29,553 INFO spawned: 'php' with pid 37
2021-02-21 10:07:30,624 INFO success: php entered RUNNING state, process has stayed up for > than 1 seconds (startsecs)
2021-02-21 10:07:30,624 INFO exited: php (exit status 1; not expected)
2021-02-21 10:07:31,628 INFO spawned: 'php' with pid 38
2021-02-21 10:07:32,697 INFO success: php entered RUNNING state, process has stayed up for > than 1 seconds (startsecs)
2021-02-21 10:07:32,697 INFO exited: php (exit status 1; not expected)
2021-02-21 10:07:33,700 INFO spawned: 'php' with pid 39
2021-02-21 10:07:35,313 INFO success: php entered RUNNING state, process has stayed up for > than 1 seconds (startsecs)
2021-02-21 10:44:16,246 INFO Set uid to user 0 succeeded
2021-02-21 10:44:16,247 INFO supervisord started with pid 16
2021-02-21 10:44:17,250 INFO spawned: 'php' with pid 18
2021-02-21 10:44:18,889 INFO success: php entered RUNNING state, process has stayed up for > than 1 seconds (startsecs)
2021-02-21 11:18:14,583 INFO Set uid to user 0 succeeded
2021-02-21 11:18:14,585 INFO supervisord started with pid 16
2021-02-21 11:18:15,589 INFO spawned: 'php' with pid 18
2021-02-21 11:18:17,220 INFO success: php entered RUNNING state, process has stayed up for > than 1 seconds (startsecs)
2021-02-21 12:24:49,798 INFO Set uid to user 0 succeeded
2021-02-21 12:24:49,799 INFO supervisord started with pid 16
2021-02-21 12:24:50,803 INFO spawned: 'php' with pid 18
2021-02-21 12:24:52,528 INFO success: php entered RUNNING state, process has stayed up for > than 1 seconds (startsecs)
2021-02-21 13:41:44,985 INFO Set uid to user 0 succeeded
2021-02-21 13:41:44,987 INFO supervisord started with pid 16
2021-02-21 13:41:45,989 INFO spawned: 'php' with pid 18
2021-02-21 13:41:47,782 INFO success: php entered RUNNING state, process has stayed up for > than 1 seconds (startsecs)
2021-02-21 16:46:04,577 INFO Set uid to user 0 succeeded
2021-02-21 16:46:04,580 INFO supervisord started with pid 16
2021-02-21 16:46:05,584 INFO spawned: 'php' with pid 18
2021-02-21 16:46:07,389 INFO success: php entered RUNNING state, process has stayed up for > than 1 seconds (startsecs)
2021-02-21 17:53:10,446 INFO Set uid to user 0 succeeded
2021-02-21 17:53:10,449 INFO supervisord started with pid 16
2021-02-21 17:53:11,451 INFO spawned: 'php' with pid 18
2021-02-21 17:53:13,200 INFO success: php entered RUNNING state, process has stayed up for > than 1 seconds (startsecs)
2021-02-22 08:00:19,305 INFO Set uid to user 0 succeeded
2021-02-22 08:00:19,309 INFO supervisord started with pid 16
2021-02-22 08:00:20,311 INFO spawned: 'php' with pid 18
2021-02-22 08:00:22,110 INFO success: php entered RUNNING state, process has stayed up for > than 1 seconds (startsecs)
2021-02-22 11:25:02,892 INFO Set uid to user 0 succeeded
2021-02-22 11:25:02,894 INFO supervisord started with pid 16
2021-02-22 11:25:03,897 INFO spawned: 'php' with pid 18
2021-02-22 11:25:05,638 INFO success: php entered RUNNING state, process has stayed up for > than 1 seconds (startsecs)
2021-02-22 14:52:02,823 INFO Set uid to user 0 succeeded
2021-02-22 14:52:02,829 INFO supervisord started with pid 17
2021-02-22 14:52:03,831 INFO spawned: 'php' with pid 19
2021-02-22 14:52:05,606 INFO success: php entered RUNNING state, process has stayed up for > than 1 seconds (startsecs)
2021-02-22 19:10:50,068 INFO Set uid to user 0 succeeded
2021-02-22 19:10:50,071 INFO supervisord started with pid 17
2021-02-22 19:10:51,073 INFO spawned: 'php' with pid 19
2021-02-22 19:10:52,814 INFO success: php entered RUNNING state, process has stayed up for > than 1 seconds (startsecs)
2021-02-23 12:28:36,935 INFO Set uid to user 0 succeeded
2021-02-23 12:28:36,940 INFO supervisord started with pid 16
2021-02-23 12:28:37,944 INFO spawned: 'php' with pid 18
2021-02-23 12:28:39,727 INFO success: php entered RUNNING state, process has stayed up for > than 1 seconds (startsecs)
2021-02-23 12:30:34,761 INFO Set uid to user 0 succeeded
2021-02-23 12:30:34,762 INFO supervisord started with pid 16
2021-02-23 12:30:35,766 INFO spawned: 'php' with pid 18
2021-02-23 12:30:37,380 INFO success: php entered RUNNING state, process has stayed up for > than 1 seconds (startsecs)
2021-02-23 17:32:58,405 INFO Set uid to user 0 succeeded
2021-02-23 17:32:58,407 INFO supervisord started with pid 16
2021-02-23 17:32:59,411 INFO spawned: 'php' with pid 18
2021-02-23 17:33:01,156 INFO success: php entered RUNNING state, process has stayed up for > than 1 seconds (startsecs)
2021-02-23 21:28:48,024 INFO Set uid to user 0 succeeded
2021-02-23 21:28:48,026 INFO supervisord started with pid 16
2021-02-23 21:28:49,031 INFO spawned: 'php' with pid 18
2021-02-23 21:28:50,656 INFO success: php entered RUNNING state, process has stayed up for > than 1 seconds (startsecs)
2021-02-23 21:42:44,020 INFO Set uid to user 0 succeeded
2021-02-23 21:42:44,021 INFO supervisord started with pid 16
2021-02-23 21:42:45,025 INFO spawned: 'php' with pid 18
2021-02-23 21:42:46,645 INFO success: php entered RUNNING state, process has stayed up for > than 1 seconds (startsecs)
2021-02-23 23:05:45,535 INFO Set uid to user 0 succeeded
2021-02-23 23:05:45,539 INFO supervisord started with pid 16
2021-02-23 23:05:46,543 INFO spawned: 'php' with pid 18
2021-02-23 23:05:48,139 INFO success: php entered RUNNING state, process has stayed up for > than 1 seconds (startsecs)
2021-02-23 23:25:26,457 INFO Set uid to user 0 succeeded
2021-02-23 23:25:26,461 INFO supervisord started with pid 16
2021-02-23 23:25:27,464 INFO spawned: 'php' with pid 18
2021-02-23 23:25:29,074 INFO success: php entered RUNNING state, process has stayed up for > than 1 seconds (startsecs)
2021-02-24 08:04:17,252 INFO Set uid to user 0 succeeded
2021-02-24 08:04:17,255 INFO supervisord started with pid 16
2021-02-24 08:04:18,258 INFO spawned: 'php' with pid 18
2021-02-24 08:04:20,012 INFO success: php entered RUNNING state, process has stayed up for > than 1 seconds (startsecs)
2021-02-24 10:32:20,188 INFO Set uid to user 0 succeeded
2021-02-24 10:32:20,190 INFO supervisord started with pid 16
2021-02-24 10:32:21,193 INFO spawned: 'php' with pid 18
2021-02-24 10:32:22,805 INFO success: php entered RUNNING state, process has stayed up for > than 1 seconds (startsecs)
2021-02-24 21:55:48,482 INFO Set uid to user 0 succeeded
2021-02-24 21:55:48,490 INFO supervisord started with pid 15
2021-02-24 21:55:49,494 INFO spawned: 'php' with pid 17
2021-02-24 21:55:51,308 INFO success: php entered RUNNING state, process has stayed up for > than 1 seconds (startsecs)
2021-03-03 22:34:53,847 INFO Set uid to user 0 succeeded
2021-03-03 22:34:53,849 INFO supervisord started with pid 16
2021-03-03 22:34:54,852 INFO spawned: 'php' with pid 18
2021-03-03 22:34:56,699 INFO success: php entered RUNNING state, process has stayed up for > than 1 seconds (startsecs)
2021-03-04 18:24:36,470 INFO Set uid to user 0 succeeded
2021-03-04 18:24:36,472 INFO supervisord started with pid 16
2021-03-04 18:24:37,473 INFO spawned: 'php' with pid 18
2021-03-04 18:24:39,253 INFO success: php entered RUNNING state, process has stayed up for > than 1 seconds (startsecs)
2021-03-06 07:28:20,610 INFO Set uid to user 0 succeeded
2021-03-06 07:28:20,612 INFO supervisord started with pid 17
2021-03-06 07:28:21,614 INFO spawned: 'php' with pid 19
2021-03-06 07:28:23,402 INFO success: php entered RUNNING state, process has stayed up for > than 1 seconds (startsecs)
2021-03-13 16:04:59,800 INFO Set uid to user 0 succeeded
2021-03-13 16:04:59,802 INFO supervisord started with pid 16
2021-03-13 16:05:00,806 INFO spawned: 'php' with pid 18
2021-03-13 16:05:02,725 INFO success: php entered RUNNING state, process has stayed up for > than 1 seconds (startsecs)
2021-04-16 11:25:48,240 INFO Set uid to user 0 succeeded
2021-04-16 11:25:48,244 INFO supervisord started with pid 16
2021-04-16 11:25:49,248 INFO spawned: 'php' with pid 18
2021-04-16 11:25:51,123 INFO success: php entered RUNNING state, process has stayed up for > than 1 seconds (startsecs)
2021-04-26 15:00:18,714 INFO Set uid to user 0 succeeded
2021-04-26 15:00:18,717 INFO supervisord started with pid 16
2021-04-26 15:00:19,721 INFO spawned: 'php' with pid 18
2021-04-26 15:00:20,721 INFO success: php entered RUNNING state, process has stayed up for > than 1 seconds (startsecs)
2021-05-06 11:02:15,332 INFO Set uid to user 0 succeeded
2021-05-06 11:02:15,334 INFO supervisord started with pid 16
2021-05-06 11:02:16,338 INFO spawned: 'php' with pid 18
2021-05-06 11:02:17,349 INFO success: php entered RUNNING state, process has stayed up for > than 1 seconds (startsecs)
2021-05-07 09:14:25,926 INFO Set uid to user 0 succeeded
2021-05-07 09:14:25,929 INFO supervisord started with pid 16
2021-05-07 09:14:26,933 INFO spawned: 'php' with pid 18
2021-05-07 09:14:28,256 INFO success: php entered RUNNING state, process has stayed up for > than 1 seconds (startsecs)
2021-05-08 10:19:33,694 INFO Set uid to user 0 succeeded
2021-05-08 10:19:33,696 INFO supervisord started with pid 16
2021-05-08 10:19:34,698 INFO spawned: 'php' with pid 28
2021-05-08 10:19:36,295 INFO success: php entered RUNNING state, process has stayed up for > than 1 seconds (startsecs)
2021-05-08 11:27:19,842 INFO Set uid to user 0 succeeded
2021-05-08 11:27:19,843 INFO supervisord started with pid 16
2021-05-08 11:27:20,846 INFO spawned: 'php' with pid 18
2021-05-08 11:27:22,461 INFO success: php entered RUNNING state, process has stayed up for > than 1 seconds (startsecs)
2021-05-11 10:46:33,304 INFO Set uid to user 0 succeeded
2021-05-11 10:46:33,308 INFO supervisord started with pid 16
2021-05-11 10:46:34,311 INFO spawned: 'php' with pid 18
2021-05-11 10:46:35,457 INFO success: php entered RUNNING state, process has stayed up for > than 1 seconds (startsecs)
2021-05-11 18:52:39,738 INFO Set uid to user 0 succeeded
2021-05-11 18:52:39,739 INFO supervisord started with pid 16
2021-05-11 18:52:40,743 INFO spawned: 'php' with pid 18
2021-05-11 18:52:42,362 INFO success: php entered RUNNING state, process has stayed up for > than 1 seconds (startsecs)
2021-05-11 18:55:08,227 INFO Set uid to user 0 succeeded
2021-05-11 18:55:08,229 INFO supervisord started with pid 16
2021-05-11 18:55:09,232 INFO spawned: 'php' with pid 18
2021-05-11 18:55:10,874 INFO success: php entered RUNNING state, process has stayed up for > than 1 seconds (startsecs)
2021-05-14 04:05:16,320 INFO Set uid to user 0 succeeded
2021-05-14 04:05:16,322 INFO supervisord started with pid 16
2021-05-14 04:05:17,324 INFO spawned: 'php' with pid 18
2021-05-14 04:05:18,728 INFO success: php entered RUNNING state, process has stayed up for > than 1 seconds (startsecs)
2021-05-14 04:26:26,305 INFO Set uid to user 0 succeeded
2021-05-14 04:26:26,307 INFO supervisord started with pid 16
2021-05-14 04:26:27,311 INFO spawned: 'php' with pid 18
2021-05-14 04:26:28,953 INFO success: php entered RUNNING state, process has stayed up for > than 1 seconds (startsecs)
2021-05-14 07:40:14,572 INFO Set uid to user 0 succeeded
2021-05-14 07:40:14,574 INFO supervisord started with pid 16
2021-05-14 07:40:15,578 INFO spawned: 'php' with pid 18
2021-05-14 07:40:16,970 INFO success: php entered RUNNING state, process has stayed up for > than 1 seconds (startsecs)
2021-05-20 13:22:44,085 INFO Set uid to user 0 succeeded
2021-05-20 13:22:44,087 INFO supervisord started with pid 16
2021-05-20 13:22:45,091 INFO spawned: 'php' with pid 18
2021-05-20 13:22:46,441 INFO success: php entered RUNNING state, process has stayed up for > than 1 seconds (startsecs)
2021-05-23 07:23:05,015 INFO Set uid to user 0 succeeded
2021-05-23 07:23:05,018 INFO supervisord started with pid 17
2021-05-23 07:23:06,022 INFO spawned: 'php' with pid 19
2021-05-23 07:23:07,179 INFO success: php entered RUNNING state, process has stayed up for > than 1 seconds (startsecs)
2021-05-23 08:15:05,819 INFO Set uid to user 0 succeeded
2021-05-23 08:15:05,821 INFO supervisord started with pid 16
2021-05-23 08:15:06,825 INFO spawned: 'php' with pid 18
2021-05-23 08:15:08,445 INFO success: php entered RUNNING state, process has stayed up for > than 1 seconds (startsecs)
2021-05-26 08:34:43,683 INFO Set uid to user 0 succeeded
2021-05-26 08:34:43,685 INFO supervisord started with pid 16
2021-05-26 08:34:44,687 INFO spawned: 'php' with pid 18
2021-05-26 08:34:45,895 INFO success: php entered RUNNING state, process has stayed up for > than 1 seconds (startsecs)
2021-05-26 08:56:09,371 INFO Set uid to user 0 succeeded
2021-05-26 08:56:09,373 INFO supervisord started with pid 17
2021-05-26 08:56:10,375 INFO spawned: 'php' with pid 19
2021-05-26 08:56:12,018 INFO success: php entered RUNNING state, process has stayed up for > than 1 seconds (startsecs)
2021-05-27 10:46:56,393 INFO Set uid to user 0 succeeded
2021-05-27 10:46:56,398 INFO supervisord started with pid 16
2021-05-27 10:46:57,402 INFO spawned: 'php' with pid 18
2021-05-27 10:46:58,647 INFO success: php entered RUNNING state, process has stayed up for > than 1 seconds (startsecs)
2021-05-30 07:36:04,806 INFO Set uid to user 0 succeeded
2021-05-30 07:36:04,808 INFO supervisord started with pid 16
2021-05-30 07:36:05,812 INFO spawned: 'php' with pid 18
2021-05-30 07:36:07,053 INFO success: php entered RUNNING state, process has stayed up for > than 1 seconds (startsecs)
2021-05-31 16:29:43,204 INFO Set uid to user 0 succeeded
2021-05-31 16:29:43,208 INFO supervisord started with pid 16
2021-05-31 16:29:44,211 INFO spawned: 'php' with pid 18
2021-05-31 16:29:45,686 INFO success: php entered RUNNING state, process has stayed up for > than 1 seconds (startsecs)
2021-06-08 11:04:36,636 INFO Set uid to user 0 succeeded
2021-06-08 11:04:36,639 INFO supervisord started with pid 16
2021-06-08 11:04:37,643 INFO spawned: 'php' with pid 18
2021-06-08 11:04:38,792 INFO success: php entered RUNNING state, process has stayed up for > than 1 seconds (startsecs)
2021-06-09 09:02:58,712 INFO Set uid to user 0 succeeded
2021-06-09 09:02:58,716 INFO supervisord started with pid 16
2021-06-09 09:02:59,718 INFO spawned: 'php' with pid 18
2021-06-09 09:03:01,336 INFO success: php entered RUNNING state, process has stayed up for > than 1 seconds (startsecs)
2021-06-09 10:04:40,413 INFO Set uid to user 0 succeeded
2021-06-09 10:04:40,415 INFO supervisord started with pid 16
2021-06-09 10:04:41,417 INFO spawned: 'php' with pid 18
2021-06-09 10:55:08,434 INFO Set uid to user 0 succeeded
2021-06-09 10:55:08,436 INFO supervisord started with pid 16
2021-06-09 10:55:09,439 INFO spawned: 'php' with pid 18
2021-06-09 10:55:11,075 INFO success: php entered RUNNING state, process has stayed up for > than 1 seconds (startsecs)
2021-06-09 16:48:56,014 INFO Set uid to user 0 succeeded
2021-06-09 16:48:56,018 INFO supervisord started with pid 17
2021-06-09 16:48:57,022 INFO spawned: 'php' with pid 19
2021-06-09 16:48:58,092 INFO success: php entered RUNNING state, process has stayed up for > than 1 seconds (startsecs)
2021-06-10 09:04:39,168 INFO Set uid to user 0 succeeded
2021-06-10 09:04:39,172 INFO supervisord started with pid 17
2021-06-10 09:04:40,176 INFO spawned: 'php' with pid 19
2021-06-10 09:04:41,241 INFO success: php entered RUNNING state, process has stayed up for > than 1 seconds (startsecs)
2021-06-10 09:52:16,400 INFO Set uid to user 0 succeeded
2021-06-10 09:52:16,402 INFO supervisord started with pid 17
2021-06-10 09:52:17,404 INFO spawned: 'php' with pid 19
2021-06-10 09:52:19,011 INFO success: php entered RUNNING state, process has stayed up for > than 1 seconds (startsecs)
2021-06-11 13:46:09,449 INFO Set uid to user 0 succeeded
2021-06-11 13:46:09,451 INFO supervisord started with pid 16
2021-06-11 13:46:10,455 INFO spawned: 'php' with pid 18
2021-06-11 13:46:11,478 INFO success: php entered RUNNING state, process has stayed up for > than 1 seconds (startsecs)
2021-06-15 11:58:10,945 INFO Set uid to user 0 succeeded
2021-06-15 11:58:10,946 INFO supervisord started with pid 16
2021-06-15 11:58:11,950 INFO spawned: 'php' with pid 18
2021-06-15 11:58:13,038 INFO success: php entered RUNNING state, process has stayed up for > than 1 seconds (startsecs)
2021-06-16 10:55:36,811 INFO Set uid to user 0 succeeded
2021-06-16 10:55:36,813 INFO supervisord started with pid 17
2021-06-16 10:55:37,817 INFO spawned: 'php' with pid 19
2021-06-16 10:55:38,920 INFO success: php entered RUNNING state, process has stayed up for > than 1 seconds (startsecs)
2021-06-16 12:41:01,172 INFO Set uid to user 0 succeeded
2021-06-16 12:41:01,174 INFO supervisord started with pid 16
2021-06-16 12:41:02,176 INFO spawned: 'php' with pid 18
2021-06-16 12:41:03,787 INFO success: php entered RUNNING state, process has stayed up for > than 1 seconds (startsecs)
2021-06-17 09:57:29,942 INFO Set uid to user 0 succeeded
2021-06-17 09:57:29,945 INFO supervisord started with pid 16
2021-06-17 09:57:30,949 INFO spawned: 'php' with pid 18
2021-06-17 09:57:32,023 INFO success: php entered RUNNING state, process has stayed up for > than 1 seconds (startsecs)
2021-06-18 11:03:53,019 INFO Set uid to user 0 succeeded
2021-06-18 11:03:53,022 INFO supervisord started with pid 16
2021-06-18 11:03:54,025 INFO spawned: 'php' with pid 18
2021-06-18 11:03:55,725 INFO success: php entered RUNNING state, process has stayed up for > than 1 seconds (startsecs)
2021-09-18 16:20:50,928 INFO Set uid to user 0 succeeded
2021-09-18 16:20:50,933 INFO supervisord started with pid 16
2021-09-18 16:20:51,937 INFO spawned: 'php' with pid 18
2021-09-18 16:20:52,939 INFO success: php entered RUNNING state, process has stayed up for > than 1 seconds (startsecs)
2021-09-19 07:19:30,053 INFO Set uid to user 0 succeeded
2021-09-19 07:19:30,058 INFO supervisord started with pid 17
2021-09-19 07:19:31,063 INFO spawned: 'php' with pid 19
2021-09-19 07:19:32,065 INFO success: php entered RUNNING state, process has stayed up for > than 1 seconds (startsecs)
2021-09-19 07:25:20,336 INFO Set uid to user 0 succeeded
2021-09-19 07:25:20,337 INFO supervisord started with pid 16
2021-09-19 07:25:21,341 INFO spawned: 'php' with pid 18
2021-09-19 07:25:22,968 INFO success: php entered RUNNING state, process has stayed up for > than 1 seconds (startsecs)
2021-09-28 14:03:54,725 INFO Set uid to user 0 succeeded
2021-09-28 14:03:54,728 INFO supervisord started with pid 16
2021-09-28 14:03:55,730 INFO spawned: 'php' with pid 18
2021-09-28 14:03:57,228 INFO success: php entered RUNNING state, process has stayed up for > than 1 seconds (startsecs)
2021-09-29 10:38:57,391 INFO Set uid to user 0 succeeded
2021-09-29 10:38:57,395 INFO supervisord started with pid 16
2021-09-29 10:38:58,397 INFO spawned: 'php' with pid 18
2021-09-29 10:38:59,398 INFO success: php entered RUNNING state, process has stayed up for > than 1 seconds (startsecs)
2021-09-30 17:31:12,702 INFO Set uid to user 0 succeeded
2021-09-30 17:31:12,709 INFO supervisord started with pid 17
2021-09-30 17:31:13,713 INFO spawned: 'php' with pid 19
2021-09-30 17:31:14,716 INFO success: php entered RUNNING state, process has stayed up for > than 1 seconds (startsecs)
2021-10-04 16:11:48,435 INFO Set uid to user 0 succeeded
2021-10-04 16:11:48,441 INFO supervisord started with pid 16
2021-10-04 16:11:49,445 INFO spawned: 'php' with pid 18
2021-10-04 16:11:50,447 INFO success: php entered RUNNING state, process has stayed up for > than 1 seconds (startsecs)
2021-10-05 12:15:06,162 INFO Set uid to user 0 succeeded
2021-10-05 12:15:06,164 INFO supervisord started with pid 17
2021-10-05 12:15:07,169 INFO spawned: 'php' with pid 19
2021-10-05 12:15:08,326 INFO success: php entered RUNNING state, process has stayed up for > than 1 seconds (startsecs)
2021-10-05 17:20:33,895 INFO Set uid to user 0 succeeded
2021-10-05 17:20:33,901 INFO supervisord started with pid 16
2021-10-05 17:20:34,905 INFO spawned: 'php' with pid 18
2021-10-05 17:20:35,907 INFO success: php entered RUNNING state, process has stayed up for > than 1 seconds (startsecs)
2021-10-05 18:43:54,453 INFO Set uid to user 0 succeeded
2021-10-05 18:43:54,454 INFO supervisord started with pid 16
2021-10-05 18:43:55,458 INFO spawned: 'php' with pid 18
2021-10-05 18:43:57,057 INFO success: php entered RUNNING state, process has stayed up for > than 1 seconds (startsecs)
2021-10-06 09:56:38,753 INFO Set uid to user 0 succeeded
2021-10-06 09:56:38,759 INFO supervisord started with pid 16
2021-10-06 09:56:39,763 INFO spawned: 'php' with pid 18
2021-10-06 09:56:40,765 INFO success: php entered RUNNING state, process has stayed up for > than 1 seconds (startsecs)
2021-10-06 11:01:45,376 INFO Set uid to user 0 succeeded
2021-10-06 11:01:45,378 INFO supervisord started with pid 16
2021-10-06 11:01:46,382 INFO spawned: 'php' with pid 18
2021-10-06 11:01:48,006 INFO success: php entered RUNNING state, process has stayed up for > than 1 seconds (startsecs)
2021-10-06 16:56:48,144 INFO Set uid to user 0 succeeded
2021-10-06 16:56:48,146 INFO supervisord started with pid 16
2021-10-06 16:56:49,150 INFO spawned: 'php' with pid 18
2021-10-06 16:56:50,944 INFO success: php entered RUNNING state, process has stayed up for > than 1 seconds (startsecs)
2021-10-07 15:23:05,583 INFO Set uid to user 0 succeeded
2021-10-07 15:23:05,589 INFO supervisord started with pid 16
2021-10-07 15:23:06,593 INFO spawned: 'php' with pid 18
2021-10-07 15:23:07,709 INFO success: php entered RUNNING state, process has stayed up for > than 1 seconds (startsecs)
2021-10-07 15:24:14,479 INFO Set uid to user 0 succeeded
2021-10-07 15:24:14,483 INFO supervisord started with pid 17
2021-10-07 15:24:15,485 INFO spawned: 'php' with pid 19
2021-10-07 15:24:17,403 INFO success: php entered RUNNING state, process has stayed up for > than 1 seconds (startsecs)
2021-10-08 08:02:56,699 INFO Set uid to user 0 succeeded
2021-10-08 08:02:56,710 INFO supervisord started with pid 16
2021-10-08 08:02:57,713 INFO spawned: 'php' with pid 18
2021-10-08 08:02:58,715 INFO success: php entered RUNNING state, process has stayed up for > than 1 seconds (startsecs)
2021-10-11 09:00:45,996 INFO Set uid to user 0 succeeded
2021-10-11 09:00:45,999 INFO supervisord started with pid 16
2021-10-11 09:00:47,003 INFO spawned: 'php' with pid 18
2021-10-11 09:00:48,005 INFO success: php entered RUNNING state, process has stayed up for > than 1 seconds (startsecs)
2021-10-11 17:54:34,967 INFO Set uid to user 0 succeeded
2021-10-11 17:54:34,975 INFO supervisord started with pid 16
2021-10-11 17:54:35,976 INFO spawned: 'php' with pid 18
2021-10-11 17:54:36,978 INFO success: php entered RUNNING state, process has stayed up for > than 1 seconds (startsecs)
2021-10-11 18:26:33,788 INFO Set uid to user 0 succeeded
2021-10-11 18:26:33,789 INFO supervisord started with pid 16
2021-10-11 18:26:34,794 INFO spawned: 'php' with pid 18
2021-10-11 18:26:36,386 INFO success: php entered RUNNING state, process has stayed up for > than 1 seconds (startsecs)
2021-10-12 07:04:59,954 INFO Set uid to user 0 succeeded
2021-10-12 07:04:59,987 INFO supervisord started with pid 16
2021-10-12 07:05:00,992 INFO spawned: 'php' with pid 18
2021-10-12 07:05:01,994 INFO success: php entered RUNNING state, process has stayed up for > than 1 seconds (startsecs)
2021-10-13 03:38:28,483 INFO Set uid to user 0 succeeded
2021-10-13 03:38:28,487 INFO supervisord started with pid 16
2021-10-13 03:38:29,490 INFO spawned: 'php' with pid 18
2021-10-13 03:38:30,491 INFO success: php entered RUNNING state, process has stayed up for > than 1 seconds (startsecs)
2021-10-13 09:04:26,112 INFO Set uid to user 0 succeeded
2021-10-13 09:04:26,116 INFO supervisord started with pid 16
2021-10-13 09:04:27,120 INFO spawned: 'php' with pid 18
2021-10-13 09:04:28,123 INFO success: php entered RUNNING state, process has stayed up for > than 1 seconds (startsecs)
2021-10-13 17:23:24,902 INFO Set uid to user 0 succeeded
2021-10-13 17:23:24,908 INFO supervisord started with pid 16
2021-10-13 17:23:25,910 INFO spawned: 'php' with pid 18
2021-10-13 17:23:26,912 INFO success: php entered RUNNING state, process has stayed up for > than 1 seconds (startsecs)
2021-10-14 06:58:29,217 INFO Set uid to user 0 succeeded
2021-10-14 06:58:29,243 INFO supervisord started with pid 16
2021-10-14 06:58:30,245 INFO spawned: 'php' with pid 18
2021-10-14 06:58:31,246 INFO success: php entered RUNNING state, process has stayed up for > than 1 seconds (startsecs)
2021-10-14 17:26:28,999 INFO Set uid to user 0 succeeded
2021-10-14 17:26:29,011 INFO supervisord started with pid 17
2021-10-14 17:26:30,014 INFO spawned: 'php' with pid 19
2021-10-14 17:26:31,913 INFO success: php entered RUNNING state, process has stayed up for > than 1 seconds (startsecs)
2021-10-15 09:23:50,170 INFO Set uid to user 0 succeeded
2021-10-15 09:23:50,175 INFO supervisord started with pid 16
2021-10-15 09:23:51,177 INFO spawned: 'php' with pid 18
2021-10-15 09:23:52,179 INFO success: php entered RUNNING state, process has stayed up for > than 1 seconds (startsecs)
2021-10-16 20:40:18,064 INFO Set uid to user 0 succeeded
2021-10-16 20:40:18,072 INFO supervisord started with pid 17
2021-10-16 20:40:19,074 INFO spawned: 'php' with pid 19
2021-10-16 20:40:20,076 INFO success: php entered RUNNING state, process has stayed up for > than 1 seconds (startsecs)
2021-10-17 08:59:20,348 INFO Set uid to user 0 succeeded
2021-10-17 08:59:20,351 INFO supervisord started with pid 16
2021-10-17 08:59:21,355 INFO spawned: 'php' with pid 18
2021-10-17 08:59:22,358 INFO success: php entered RUNNING state, process has stayed up for > than 1 seconds (startsecs)
2021-10-17 14:32:56,380 INFO Set uid to user 0 succeeded
2021-10-17 14:32:56,388 INFO supervisord started with pid 17
2021-10-17 14:32:57,392 INFO spawned: 'php' with pid 19
2021-10-17 14:32:58,394 INFO success: php entered RUNNING state, process has stayed up for > than 1 seconds (startsecs)
2021-10-17 14:59:22,994 INFO Set uid to user 0 succeeded
2021-10-17 14:59:22,996 INFO supervisord started with pid 16
2021-10-17 14:59:23,999 INFO spawned: 'php' with pid 18
2021-10-17 14:59:25,625 INFO success: php entered RUNNING state, process has stayed up for > than 1 seconds (startsecs)
2021-10-19 13:44:25,886 INFO Set uid to user 0 succeeded
2021-10-19 13:44:25,890 INFO supervisord started with pid 16
2021-10-19 13:44:26,892 INFO spawned: 'php' with pid 18
2021-10-19 13:44:27,893 INFO success: php entered RUNNING state, process has stayed up for > than 1 seconds (startsecs)
2021-10-20 05:38:01,523 INFO Set uid to user 0 succeeded
2021-10-20 05:38:01,533 INFO supervisord started with pid 17
2021-10-20 05:38:02,537 INFO spawned: 'php' with pid 19
2021-10-20 05:38:03,540 INFO success: php entered RUNNING state, process has stayed up for > than 1 seconds (startsecs)
2021-10-20 13:03:18,709 INFO Set uid to user 0 succeeded
2021-10-20 13:03:18,713 INFO supervisord started with pid 16
2021-10-20 13:03:19,715 INFO spawned: 'php' with pid 18
2021-10-20 13:03:20,716 INFO success: php entered RUNNING state, process has stayed up for > than 1 seconds (startsecs)
2021-10-21 16:18:29,716 INFO Set uid to user 0 succeeded
2021-10-21 16:18:29,729 INFO supervisord started with pid 16
2021-10-21 16:18:30,731 INFO spawned: 'php' with pid 18
2021-10-21 16:18:31,732 INFO success: php entered RUNNING state, process has stayed up for > than 1 seconds (startsecs)
2021-10-22 07:01:49,654 INFO Set uid to user 0 succeeded
2021-10-22 07:01:49,664 INFO supervisord started with pid 16
2021-10-22 07:01:50,666 INFO spawned: 'php' with pid 18
2021-10-22 07:01:51,667 INFO success: php entered RUNNING state, process has stayed up for > than 1 seconds (startsecs)
2021-10-22 07:20:31,656 INFO Set uid to user 0 succeeded
2021-10-22 07:20:31,658 INFO supervisord started with pid 16
2021-10-22 07:20:32,662 INFO spawned: 'php' with pid 18
2021-10-22 07:20:34,288 INFO success: php entered RUNNING state, process has stayed up for > than 1 seconds (startsecs)
2021-10-22 07:21:12,113 INFO Set uid to user 0 succeeded
2021-10-22 07:21:12,115 INFO supervisord started with pid 16
2021-10-22 07:21:13,116 INFO spawned: 'php' with pid 18
2021-10-22 07:21:14,715 INFO success: php entered RUNNING state, process has stayed up for > than 1 seconds (startsecs)
2021-10-27 09:34:05,241 INFO Set uid to user 0 succeeded
2021-10-27 09:34:05,245 INFO supervisord started with pid 17
2021-10-27 09:34:06,247 INFO spawned: 'php' with pid 19
2021-10-27 09:34:07,249 INFO success: php entered RUNNING state, process has stayed up for > than 1 seconds (startsecs)
2021-10-27 13:49:36,896 INFO Set uid to user 0 succeeded
2021-10-27 13:49:36,904 INFO supervisord started with pid 16
2021-10-27 13:49:37,906 INFO spawned: 'php' with pid 18
2021-10-27 13:49:38,908 INFO success: php entered RUNNING state, process has stayed up for > than 1 seconds (startsecs)
2021-10-28 16:06:05,529 INFO Set uid to user 0 succeeded
2021-10-28 16:06:05,539 INFO supervisord started with pid 16
2021-10-28 16:06:06,543 INFO spawned: 'php' with pid 18
2021-10-28 16:06:07,545 INFO success: php entered RUNNING state, process has stayed up for > than 1 seconds (startsecs)
2021-10-29 09:25:34,028 INFO Set uid to user 0 succeeded
2021-10-29 09:25:34,030 INFO supervisord started with pid 17
2021-10-29 09:25:35,032 INFO spawned: 'php' with pid 19
2021-10-29 09:25:36,034 INFO success: php entered RUNNING state, process has stayed up for > than 1 seconds (startsecs)
2021-11-01 21:30:15,578 INFO Set uid to user 0 succeeded
2021-11-01 21:30:15,603 INFO supervisord started with pid 16
2021-11-01 21:30:16,605 INFO spawned: 'php' with pid 18
2021-11-01 21:30:17,607 INFO success: php entered RUNNING state, process has stayed up for > than 1 seconds (startsecs)
2021-11-04 07:54:35,582 INFO Set uid to user 0 succeeded
2021-11-04 07:54:35,588 INFO supervisord started with pid 16
2021-11-04 07:54:36,590 INFO spawned: 'php' with pid 18
2021-11-04 07:54:37,592 INFO success: php entered RUNNING state, process has stayed up for > than 1 seconds (startsecs)
2021-11-10 09:34:29,078 INFO Set uid to user 0 succeeded
2021-11-10 09:34:29,084 INFO supervisord started with pid 16
2021-11-10 09:34:30,086 INFO spawned: 'php' with pid 18
2021-11-10 09:34:31,087 INFO success: php entered RUNNING state, process has stayed up for > than 1 seconds (startsecs)
2021-11-10 12:32:12,126 INFO Set uid to user 0 succeeded
2021-11-10 12:32:12,128 INFO supervisord started with pid 16
2021-11-10 12:32:13,131 INFO spawned: 'php' with pid 18
2021-11-10 12:32:14,758 INFO success: php entered RUNNING state, process has stayed up for > than 1 seconds (startsecs)
2021-11-13 10:36:13,946 INFO Set uid to user 0 succeeded
2021-11-13 10:36:13,954 INFO supervisord started with pid 16
2021-11-13 10:36:14,957 INFO spawned: 'php' with pid 18
2021-11-13 10:36:15,959 INFO success: php entered RUNNING state, process has stayed up for > than 1 seconds (startsecs)
2021-11-15 08:56:44,769 INFO Set uid to user 0 succeeded
2021-11-15 08:56:44,778 INFO supervisord started with pid 16
2021-11-15 08:56:45,782 INFO spawned: 'php' with pid 18
2021-11-15 08:56:46,784 INFO success: php entered RUNNING state, process has stayed up for > than 1 seconds (startsecs)
2021-11-19 17:16:41,404 INFO Set uid to user 0 succeeded
2021-11-19 17:16:41,413 INFO supervisord started with pid 17
2021-11-19 17:16:42,415 INFO spawned: 'php' with pid 19
2021-11-19 17:16:43,830 INFO success: php entered RUNNING state, process has stayed up for > than 1 seconds (startsecs)
2021-11-20 17:36:41,828 INFO Set uid to user 0 succeeded
2021-11-20 17:36:41,836 INFO supervisord started with pid 16
2021-11-20 17:36:42,838 INFO spawned: 'php' with pid 18
2021-11-20 17:36:43,840 INFO success: php entered RUNNING state, process has stayed up for > than 1 seconds (startsecs)
2021-11-20 18:43:37,786 INFO Set uid to user 0 succeeded
2021-11-20 18:43:37,787 INFO supervisord started with pid 16
2021-11-20 18:43:38,791 INFO spawned: 'php' with pid 18
2021-11-20 18:43:40,383 INFO success: php entered RUNNING state, process has stayed up for > than 1 seconds (startsecs)
2021-11-20 18:48:57,191 INFO Set uid to user 0 succeeded
2021-11-20 18:48:57,193 INFO supervisord started with pid 16
2021-11-20 18:48:58,197 INFO spawned: 'php' with pid 18
2021-11-20 18:48:59,787 INFO success: php entered RUNNING state, process has stayed up for > than 1 seconds (startsecs)
2021-11-21 15:44:35,456 INFO Set uid to user 0 succeeded
2021-11-21 15:44:35,476 INFO supervisord started with pid 16
2021-11-21 15:44:36,480 INFO spawned: 'php' with pid 18
2021-11-21 15:44:37,482 INFO success: php entered RUNNING state, process has stayed up for > than 1 seconds (startsecs)
2021-12-29 10:13:56,304 INFO Set uid to user 0 succeeded
2021-12-29 10:13:56,307 INFO supervisord started with pid 16
2021-12-29 10:13:57,308 INFO spawned: 'php' with pid 18
2021-12-29 10:13:59,213 INFO success: php entered RUNNING state, process has stayed up for > than 1 seconds (startsecs)
2022-01-14 13:10:59,295 INFO Set uid to user 0 succeeded
2022-01-14 13:10:59,298 INFO supervisord started with pid 16
2022-01-14 13:11:00,301 INFO spawned: 'php' with pid 18
2022-01-14 13:11:02,228 INFO success: php entered RUNNING state, process has stayed up for > than 1 seconds (startsecs)
2022-01-15 09:09:00,199 INFO Set uid to user 0 succeeded
2022-01-15 09:09:00,202 INFO supervisord started with pid 16
2022-01-15 09:09:01,205 INFO spawned: 'php' with pid 18
2022-01-15 09:09:02,257 INFO success: php entered RUNNING state, process has stayed up for > than 1 seconds (startsecs)
2022-01-16 13:44:33,931 INFO Set uid to user 0 succeeded
2022-01-16 13:44:33,933 INFO supervisord started with pid 17
2022-01-16 13:44:34,938 INFO spawned: 'php' with pid 19
2022-01-16 13:44:35,961 INFO success: php entered RUNNING state, process has stayed up for > than 1 seconds (startsecs)
2022-01-23 18:58:21,834 INFO Set uid to user 0 succeeded
2022-01-23 18:58:21,841 INFO supervisord started with pid 16
2022-01-23 18:58:22,843 INFO spawned: 'php' with pid 18
2022-01-23 18:58:23,846 INFO success: php entered RUNNING state, process has stayed up for > than 1 seconds (startsecs)
2022-01-25 12:57:01,470 INFO Set uid to user 0 succeeded
2022-01-25 12:57:01,473 INFO supervisord started with pid 16
2022-01-25 12:57:02,477 INFO spawned: 'php' with pid 18
2022-01-25 12:57:03,539 INFO success: php entered RUNNING state, process has stayed up for > than 1 seconds (startsecs)
2022-01-26 18:57:51,995 INFO Set uid to user 0 succeeded
2022-01-26 18:57:51,997 INFO supervisord started with pid 16
2022-01-26 18:57:52,999 INFO spawned: 'php' with pid 18
2022-01-26 18:57:54,917 INFO success: php entered RUNNING state, process has stayed up for > than 1 seconds (startsecs)
2022-01-26 19:06:58,583 INFO Set uid to user 0 succeeded
2022-01-26 19:06:58,585 INFO supervisord started with pid 17
2022-01-26 19:06:59,590 INFO spawned: 'php' with pid 19
2022-01-26 19:07:00,721 INFO success: php entered RUNNING state, process has stayed up for > than 1 seconds (startsecs)
2022-01-26 20:57:53,973 INFO Set uid to user 0 succeeded
2022-01-26 20:57:53,978 INFO supervisord started with pid 17
2022-01-26 20:57:54,980 INFO spawned: 'php' with pid 19
2022-01-26 20:57:56,908 INFO success: php entered RUNNING state, process has stayed up for > than 1 seconds (startsecs)
2022-01-26 22:35:27,499 INFO Set uid to user 0 succeeded
2022-01-26 22:35:27,500 INFO supervisord started with pid 16
2022-01-26 22:35:28,502 INFO spawned: 'php' with pid 18
2022-01-26 22:35:30,128 INFO success: php entered RUNNING state, process has stayed up for > than 1 seconds (startsecs)
2022-01-27 07:49:49,417 INFO Set uid to user 0 succeeded
2022-01-27 07:49:49,423 INFO supervisord started with pid 16
2022-01-27 07:49:50,427 INFO spawned: 'php' with pid 18
2022-01-27 07:49:51,569 INFO success: php entered RUNNING state, process has stayed up for > than 1 seconds (startsecs)
2022-01-27 12:07:42,484 INFO Set uid to user 0 succeeded
2022-01-27 12:07:42,486 INFO supervisord started with pid 16
2022-01-27 12:07:43,489 INFO spawned: 'php' with pid 18
2022-01-27 12:07:45,126 INFO success: php entered RUNNING state, process has stayed up for > than 1 seconds (startsecs)
2022-01-27 12:42:05,627 INFO Set uid to user 0 succeeded
2022-01-27 12:42:05,628 INFO supervisord started with pid 16
2022-01-27 12:42:06,632 INFO spawned: 'php' with pid 18
2022-01-27 12:42:08,255 INFO success: php entered RUNNING state, process has stayed up for > than 1 seconds (startsecs)
2022-01-27 12:44:33,476 INFO Set uid to user 0 succeeded
2022-01-27 12:44:33,478 INFO supervisord started with pid 17
2022-01-27 12:44:34,480 INFO spawned: 'php' with pid 26
2022-01-27 12:44:36,071 INFO success: php entered RUNNING state, process has stayed up for > than 1 seconds (startsecs)
2022-01-28 07:20:59,667 INFO Set uid to user 0 succeeded
2022-01-28 07:20:59,676 INFO supervisord started with pid 16
2022-01-28 07:21:00,680 INFO spawned: 'php' with pid 18
2022-01-28 07:21:02,627 INFO success: php entered RUNNING state, process has stayed up for > than 1 seconds (startsecs)
2022-01-28 18:37:37,716 INFO Set uid to user 0 succeeded
2022-01-28 18:37:37,726 INFO supervisord started with pid 16
2022-01-28 18:37:38,729 INFO spawned: 'php' with pid 18
2022-01-28 18:37:39,730 INFO success: php entered RUNNING state, process has stayed up for > than 1 seconds (startsecs)
2022-01-29 10:25:53,575 INFO Set uid to user 0 succeeded
2022-01-29 10:25:53,580 INFO supervisord started with pid 16
2022-01-29 10:25:54,585 INFO spawned: 'php' with pid 18
2022-01-29 10:25:55,618 INFO success: php entered RUNNING state, process has stayed up for > than 1 seconds (startsecs)
2022-01-30 08:45:18,535 INFO Set uid to user 0 succeeded
2022-01-30 08:45:18,547 INFO supervisord started with pid 18
2022-01-30 08:45:19,550 INFO spawned: 'php' with pid 20
2022-01-30 08:45:20,666 INFO success: php entered RUNNING state, process has stayed up for > than 1 seconds (startsecs)
2022-01-31 10:46:12,163 INFO Set uid to user 0 succeeded
2022-01-31 10:46:12,168 INFO supervisord started with pid 17
2022-01-31 10:46:13,171 INFO spawned: 'php' with pid 19
2022-01-31 10:46:15,168 INFO success: php entered RUNNING state, process has stayed up for > than 1 seconds (startsecs)
2022-02-01 08:49:41,982 INFO Set uid to user 0 succeeded
2022-02-01 08:49:41,986 INFO supervisord started with pid 16
2022-02-01 08:49:42,990 INFO spawned: 'php' with pid 18
2022-02-01 08:49:44,147 INFO success: php entered RUNNING state, process has stayed up for > than 1 seconds (startsecs)
2022-02-01 18:14:23,048 INFO Set uid to user 0 succeeded
2022-02-01 18:14:23,053 INFO supervisord started with pid 16
2022-02-01 18:14:24,055 INFO spawned: 'php' with pid 18
2022-02-01 18:14:26,032 INFO success: php entered RUNNING state, process has stayed up for > than 1 seconds (startsecs)
2022-02-02 06:16:30,994 INFO Set uid to user 0 succeeded
2022-02-02 06:16:30,997 INFO supervisord started with pid 16
2022-02-02 06:16:32,001 INFO spawned: 'php' with pid 18
2022-02-02 06:16:33,085 INFO success: php entered RUNNING state, process has stayed up for > than 1 seconds (startsecs)
2022-02-02 09:10:28,383 INFO Set uid to user 0 succeeded
2022-02-02 09:10:28,385 INFO supervisord started with pid 16
2022-02-02 09:10:29,389 INFO spawned: 'php' with pid 18
2022-02-02 09:10:31,065 INFO success: php entered RUNNING state, process has stayed up for > than 1 seconds (startsecs)
2022-02-02 12:43:20,498 INFO Set uid to user 0 succeeded
2022-02-02 12:43:20,500 INFO supervisord started with pid 16
2022-02-02 12:43:21,505 INFO spawned: 'php' with pid 18
2022-02-02 12:43:23,248 INFO success: php entered RUNNING state, process has stayed up for > than 1 seconds (startsecs)
2022-02-02 15:01:49,134 INFO Set uid to user 0 succeeded
2022-02-02 15:01:49,139 INFO supervisord started with pid 16
2022-02-02 15:01:50,143 INFO spawned: 'php' with pid 18
2022-02-02 15:01:51,590 INFO success: php entered RUNNING state, process has stayed up for > than 1 seconds (startsecs)
2022-02-03 12:37:03,441 INFO Set uid to user 0 succeeded
2022-02-03 12:37:03,443 INFO supervisord started with pid 16
2022-02-03 12:37:04,446 INFO spawned: 'php' with pid 18
2022-02-03 12:37:06,386 INFO success: php entered RUNNING state, process has stayed up for > than 1 seconds (startsecs)
2022-02-04 22:45:31,971 INFO Set uid to user 0 succeeded
2022-02-04 22:45:31,978 INFO supervisord started with pid 16
2022-02-04 22:45:32,981 INFO spawned: 'php' with pid 18
2022-02-04 22:45:34,944 INFO success: php entered RUNNING state, process has stayed up for > than 1 seconds (startsecs)
2022-02-07 11:04:16,029 INFO Set uid to user 0 succeeded
2022-02-07 11:04:16,032 INFO supervisord started with pid 16
2022-02-07 11:04:17,036 INFO spawned: 'php' with pid 18
2022-02-07 11:04:19,000 INFO success: php entered RUNNING state, process has stayed up for > than 1 seconds (startsecs)
2022-02-07 11:58:24,218 INFO Set uid to user 0 succeeded
2022-02-07 11:58:24,220 INFO supervisord started with pid 16
2022-02-07 11:58:25,224 INFO spawned: 'php' with pid 18
2022-02-07 11:58:26,852 INFO success: php entered RUNNING state, process has stayed up for > than 1 seconds (startsecs)
2022-02-07 12:19:25,305 INFO Set uid to user 0 succeeded
2022-02-07 12:19:25,306 INFO supervisord started with pid 16
2022-02-07 12:19:26,311 INFO spawned: 'php' with pid 18
2022-02-07 12:19:27,938 INFO success: php entered RUNNING state, process has stayed up for > than 1 seconds (startsecs)
2022-02-09 00:17:02,827 INFO Set uid to user 0 succeeded
2022-02-09 00:17:02,830 INFO supervisord started with pid 16
2022-02-09 00:17:03,832 INFO spawned: 'php' with pid 18
2022-02-09 00:17:05,676 INFO success: php entered RUNNING state, process has stayed up for > than 1 seconds (startsecs)
2022-02-09 10:16:33,862 INFO Set uid to user 0 succeeded
2022-02-09 10:16:33,866 INFO supervisord started with pid 18
2022-02-09 10:16:34,868 INFO spawned: 'php' with pid 20
2022-02-09 10:16:36,687 INFO success: php entered RUNNING state, process has stayed up for > than 1 seconds (startsecs)
2022-02-10 09:12:35,062 INFO Set uid to user 0 succeeded
2022-02-10 09:12:35,064 INFO supervisord started with pid 16
2022-02-10 09:12:36,067 INFO spawned: 'php' with pid 18
2022-02-10 09:12:37,949 INFO success: php entered RUNNING state, process has stayed up for > than 1 seconds (startsecs)
2022-02-11 09:34:49,538 INFO Set uid to user 0 succeeded
2022-02-11 09:34:49,541 INFO supervisord started with pid 17
2022-02-11 09:34:50,544 INFO spawned: 'php' with pid 19
2022-02-11 09:34:52,422 INFO success: php entered RUNNING state, process has stayed up for > than 1 seconds (startsecs)
2022-02-12 09:02:33,780 INFO Set uid to user 0 succeeded
2022-02-12 09:02:33,783 INFO supervisord started with pid 16
2022-02-12 09:02:34,786 INFO spawned: 'php' with pid 18
2022-02-12 09:02:36,677 INFO success: php entered RUNNING state, process has stayed up for > than 1 seconds (startsecs)
2022-02-12 14:54:42,905 INFO Set uid to user 0 succeeded
2022-02-12 14:54:42,910 INFO supervisord started with pid 16
2022-02-12 14:54:43,912 INFO spawned: 'php' with pid 18
2022-02-12 14:54:45,792 INFO success: php entered RUNNING state, process has stayed up for > than 1 seconds (startsecs)
2022-02-15 08:34:24,734 INFO Set uid to user 0 succeeded
2022-02-15 08:34:24,738 INFO supervisord started with pid 16
2022-02-15 08:34:25,740 INFO spawned: 'php' with pid 18
2022-02-15 08:34:27,597 INFO success: php entered RUNNING state, process has stayed up for > than 1 seconds (startsecs)
2022-02-15 12:15:17,469 INFO Set uid to user 0 succeeded
2022-02-15 12:15:17,473 INFO supervisord started with pid 16
2022-02-15 12:15:18,475 INFO spawned: 'php' with pid 18
2022-02-15 12:15:20,341 INFO success: php entered RUNNING state, process has stayed up for > than 1 seconds (startsecs)
2022-02-15 12:19:34,101 INFO Set uid to user 0 succeeded
2022-02-15 12:19:34,102 INFO supervisord started with pid 16
2022-02-15 12:19:35,106 INFO spawned: 'php' with pid 18
2022-02-15 12:19:36,733 INFO success: php entered RUNNING state, process has stayed up for > than 1 seconds (startsecs)
2022-02-16 17:44:52,288 INFO Set uid to user 0 succeeded
2022-02-16 17:44:52,293 INFO supervisord started with pid 16
2022-02-16 17:44:53,297 INFO spawned: 'php' with pid 18
2022-02-16 17:44:55,163 INFO success: php entered RUNNING state, process has stayed up for > than 1 seconds (startsecs)
2022-02-16 18:23:21,596 INFO Set uid to user 0 succeeded
2022-02-16 18:23:21,597 INFO supervisord started with pid 16
2022-02-16 18:23:22,601 INFO spawned: 'php' with pid 18
2022-02-16 18:23:24,224 INFO success: php entered RUNNING state, process has stayed up for > than 1 seconds (startsecs)
2022-02-19 14:17:20,936 INFO Set uid to user 0 succeeded
2022-02-19 14:17:20,939 INFO supervisord started with pid 17
2022-02-19 14:17:21,943 INFO spawned: 'php' with pid 19
2022-02-19 14:17:23,905 INFO success: php entered RUNNING state, process has stayed up for > than 1 seconds (startsecs)
2022-02-19 23:02:52,733 INFO Set uid to user 0 succeeded
2022-02-19 23:02:52,734 INFO supervisord started with pid 16
2022-02-19 23:02:53,737 INFO spawned: 'php' with pid 18
2022-02-19 23:02:55,358 INFO success: php entered RUNNING state, process has stayed up for > than 1 seconds (startsecs)
2022-02-19 23:05:18,164 INFO Set uid to user 0 succeeded
2022-02-19 23:05:18,165 INFO supervisord started with pid 16
2022-02-19 23:05:19,169 INFO spawned: 'php' with pid 18
2022-02-19 23:05:20,869 INFO success: php entered RUNNING state, process has stayed up for > than 1 seconds (startsecs)
2022-02-20 00:15:40,694 INFO Set uid to user 0 succeeded
2022-02-20 00:15:40,698 INFO supervisord started with pid 16
2022-02-20 00:15:41,700 INFO spawned: 'php' with pid 18
2022-02-20 00:15:43,575 INFO success: php entered RUNNING state, process has stayed up for > than 1 seconds (startsecs)
2022-02-20 09:11:16,545 INFO Set uid to user 0 succeeded
2022-02-20 09:11:16,547 INFO supervisord started with pid 16
2022-02-20 09:11:17,551 INFO spawned: 'php' with pid 18
2022-02-20 09:11:19,453 INFO success: php entered RUNNING state, process has stayed up for > than 1 seconds (startsecs)
